<?xml version="1.0" encoding="UTF-8"?>
<testsuite xmlns:xsi="http://www.w3.org/2001/XMLSchema-instance" xsi:noNamespaceSchemaLocation="https://maven.apache.org/surefire/maven-surefire-plugin/xsd/surefire-test-report-3.0.xsd" version="3.0" name="co.edu.ucundinamarca.negocio.reservaservice.ReservaserviceApplicationTests" time="11.892" tests="1" errors="0" skipped="0" failures="0">
  <properties>
[...]
</properties>
  <testcase name="contextLoads" classname="co.edu.ucundinamarca.negocio.reservaservice.ReservaserviceApplicationTests" time="0.194">
    <system-out><![CDATA[17:50:43.221 [main] DEBUG org.springframework.test.context.BootstrapUtils - Instantiating CacheAwareContextLoaderDelegate from class [org.springframework.test.context.cache.DefaultCacheAwareContextLoaderDelegate]
17:50:43.237 [main] DEBUG org.springframework.test.context.BootstrapUtils - Instantiating BootstrapContext using constructor [public org.springframework.test.context.support.DefaultBootstrapContext(java.lang.Class,org.springframework.test.context.CacheAwareContextLoaderDelegate)]
17:50:43.272 [main] DEBUG org.springframework.test.context.BootstrapUtils - Instantiating TestContextBootstrapper for test class [co.edu.ucundinamarca.negocio.reservaservice.ReservaserviceApplicationTests] from class [org.springframework.boot.test.context.SpringBootTestContextBootstrapper]
17:50:43.294 [main] INFO org.springframework.boot.test.context.SpringBootTestContextBootstrapper - Neither @ContextConfiguration nor @ContextHierarchy found for test class [co.edu.ucundinamarca.negocio.reservaservice.ReservaserviceApplicationTests], using SpringBootContextLoader
17:50:43.299 [main] DEBUG org.springframework.test.context.support.AbstractContextLoader - Did not detect default resource location for test class [co.edu.ucundinamarca.negocio.reservaservice.ReservaserviceApplicationTests]: class path resource [co/edu/ucundinamarca/negocio/reservaservice/ReservaserviceApplicationTests-context.xml] does not exist
17:50:43.300 [main] DEBUG org.springframework.test.context.support.AbstractContextLoader - Did not detect default resource location for test class [co.edu.ucundinamarca.negocio.reservaservice.ReservaserviceApplicationTests]: class path resource [co/edu/ucundinamarca/negocio/reservaservice/ReservaserviceApplicationTestsContext.groovy] does not exist
17:50:43.300 [main] INFO org.springframework.test.context.support.AbstractContextLoader - Could not detect default resource locations for test class [co.edu.ucundinamarca.negocio.reservaservice.ReservaserviceApplicationTests]: no resource found for suffixes {-context.xml, Context.groovy}.
17:50:43.301 [main] INFO org.springframework.test.context.support.AnnotationConfigContextLoaderUtils - Could not detect default configuration classes for test class [co.edu.ucundinamarca.negocio.reservaservice.ReservaserviceApplicationTests]: ReservaserviceApplicationTests does not declare any static, non-private, non-final, nested classes annotated with @Configuration.
17:50:43.355 [main] DEBUG org.springframework.test.context.support.ActiveProfilesUtils - Could not find an 'annotation declaring class' for annotation type [org.springframework.test.context.ActiveProfiles] and class [co.edu.ucundinamarca.negocio.reservaservice.ReservaserviceApplicationTests]
17:50:43.444 [main] DEBUG org.springframework.context.annotation.ClassPathScanningCandidateComponentProvider - Identified candidate component class: file [C:\Users\Johan\Documents\Universidad\6to semestre\Ingenieria de Software II\Proyecto Aula\hotel-UDEC-backend\Hotel-UDEC\dominionegocio\reservaservice\target\classes\co\edu\ucundinamarca\negocio\reservaservice\ReservaServiceApplication.class]
17:50:43.445 [main] INFO org.springframework.boot.test.context.SpringBootTestContextBootstrapper - Found @SpringBootConfiguration co.edu.ucundinamarca.negocio.reservaservice.ReservaServiceApplication for test class co.edu.ucundinamarca.negocio.reservaservice.ReservaserviceApplicationTests
17:50:43.559 [main] DEBUG org.springframework.boot.test.context.SpringBootTestContextBootstrapper - @TestExecutionListeners is not present for class [co.edu.ucundinamarca.negocio.reservaservice.ReservaserviceApplicationTests]: using defaults.
17:50:43.559 [main] INFO org.springframework.boot.test.context.SpringBootTestContextBootstrapper - Loaded default TestExecutionListener class names from location [META-INF/spring.factories]: [org.springframework.boot.test.mock.mockito.MockitoTestExecutionListener, org.springframework.boot.test.mock.mockito.ResetMocksTestExecutionListener, org.springframework.boot.test.autoconfigure.restdocs.RestDocsTestExecutionListener, org.springframework.boot.test.autoconfigure.web.client.MockRestServiceServerResetTestExecutionListener, org.springframework.boot.test.autoconfigure.web.servlet.MockMvcPrintOnlyOnFailureTestExecutionListener, org.springframework.boot.test.autoconfigure.web.servlet.WebDriverTestExecutionListener, org.springframework.boot.test.autoconfigure.webservices.client.MockWebServiceServerTestExecutionListener, org.springframework.test.context.web.ServletTestExecutionListener, org.springframework.test.context.support.DirtiesContextBeforeModesTestExecutionListener, org.springframework.test.context.support.DependencyInjectionTestExecutionListener, org.springframework.test.context.support.DirtiesContextTestExecutionListener, org.springframework.test.context.transaction.TransactionalTestExecutionListener, org.springframework.test.context.jdbc.SqlScriptsTestExecutionListener, org.springframework.test.context.event.EventPublishingTestExecutionListener]
17:50:43.582 [main] INFO org.springframework.boot.test.context.SpringBootTestContextBootstrapper - Using TestExecutionListeners: [org.springframework.test.context.web.ServletTestExecutionListener@7c098bb3, org.springframework.test.context.support.DirtiesContextBeforeModesTestExecutionListener@31e4bb20, org.springframework.boot.test.mock.mockito.MockitoTestExecutionListener@18cebaa5, org.springframework.boot.test.autoconfigure.SpringBootDependencyInjectionTestExecutionListener@463b4ac8, org.springframework.test.context.support.DirtiesContextTestExecutionListener@765f05af, org.springframework.test.context.transaction.TransactionalTestExecutionListener@62f68dff, org.springframework.test.context.jdbc.SqlScriptsTestExecutionListener@f001896, org.springframework.test.context.event.EventPublishingTestExecutionListener@13f17eb4, org.springframework.boot.test.mock.mockito.ResetMocksTestExecutionListener@1d0d6318, org.springframework.boot.test.autoconfigure.restdocs.RestDocsTestExecutionListener@4bc28c33, org.springframework.boot.test.autoconfigure.web.client.MockRestServiceServerResetTestExecutionListener@4409e975, org.springframework.boot.test.autoconfigure.web.servlet.MockMvcPrintOnlyOnFailureTestExecutionListener@5c153b9e, org.springframework.boot.test.autoconfigure.web.servlet.WebDriverTestExecutionListener@2a7686a7, org.springframework.boot.test.autoconfigure.webservices.client.MockWebServiceServerTestExecutionListener@758a34ce]
17:50:43.587 [main] DEBUG org.springframework.test.context.support.AbstractDirtiesContextTestExecutionListener - Before test class: context [DefaultTestContext@6b44435b testClass = ReservaserviceApplicationTests, testInstance = [null], testMethod = [null], testException = [null], mergedContextConfiguration = [WebMergedContextConfiguration@2ccca26f testClass = ReservaserviceApplicationTests, locations = '{}', classes = '{class co.edu.ucundinamarca.negocio.reservaservice.ReservaServiceApplication}', contextInitializerClasses = '[]', activeProfiles = '{}', propertySourceLocations = '{}', propertySourceProperties = '{org.springframework.boot.test.context.SpringBootTestContextBootstrapper=true}', contextCustomizers = set[org.springframework.boot.test.context.filter.ExcludeFilterContextCustomizer@f627d13, org.springframework.boot.test.json.DuplicateJsonObjectContextCustomizerFactory$DuplicateJsonObjectContextCustomizer@3224a577, org.springframework.boot.test.mock.mockito.MockitoContextCustomizer@0, org.springframework.boot.test.web.client.TestRestTemplateContextCustomizer@e3c0e40, org.springframework.boot.test.autoconfigure.properties.PropertyMappingContextCustomizer@0, org.springframework.boot.test.autoconfigure.web.servlet.WebDriverContextCustomizerFactory$Customizer@6b58b9e9, org.springframework.boot.test.context.SpringBootTestArgs@1], resourceBasePath = 'src/main/webapp', contextLoader = 'org.springframework.boot.test.context.SpringBootContextLoader', parent = [null]], attributes = map['org.springframework.test.context.web.ServletTestExecutionListener.activateListener' -> true]], class annotated with @DirtiesContext [false] with mode [null].
17:50:43.624 [main] DEBUG org.springframework.test.context.support.TestPropertySourceUtils - Adding inlined properties to environment: {spring.jmx.enabled=false, org.springframework.boot.test.context.SpringBootTestContextBootstrapper=true}

  .   ____          _            __ _ _
 /\\ / ___'_ __ _ _(_)_ __  __ _ \ \ \ \
( ( )\___ | '_ | '_| | '_ \/ _` | \ \ \ \
 \\/  ___)| |_)| | | | | || (_| |  ) ) ) )
  '  |____| .__|_| |_|_| |_\__, | / / / /
 =========|_|==============|___/=/_/_/_/
 :: Spring Boot ::        (v2.3.4.RELEASE)

2021-11-06 17:50:44.017  INFO 6296 --- [           main] c.e.u.n.r.ReservaserviceApplicationTests : Starting ReservaserviceApplicationTests on DESKTOP-V9JM8SI with PID 6296 (started by Johan in C:\Users\Johan\Documents\Universidad\6to semestre\Ingenieria de Software II\Proyecto Aula\hotel-UDEC-backend\Hotel-UDEC\dominionegocio\reservaservice)
2021-11-06 17:50:44.019  INFO 6296 --- [           main] c.e.u.n.r.ReservaserviceApplicationTests : No active profile set, falling back to default profiles: default
2021-11-06 17:50:45.503  INFO 6296 --- [           main] .s.d.r.c.RepositoryConfigurationDelegate : Bootstrapping Spring Data JPA repositories in DEFERRED mode.
2021-11-06 17:50:45.625  INFO 6296 --- [           main] .s.d.r.c.RepositoryConfigurationDelegate : Finished Spring Data repository scanning in 112ms. Found 7 JPA repository interfaces.
2021-11-06 17:50:46.586  INFO 6296 --- [           main] o.s.s.concurrent.ThreadPoolTaskExecutor  : Initializing ExecutorService 'applicationTaskExecutor'
2021-11-06 17:50:46.679  INFO 6296 --- [         task-1] o.hibernate.jpa.internal.util.LogHelper  : HHH000204: Processing PersistenceUnitInfo [name: default]
2021-11-06 17:50:46.773  INFO 6296 --- [         task-1] org.hibernate.Version                    : HHH000412: Hibernate ORM core version 5.4.21.Final
2021-11-06 17:50:47.125  INFO 6296 --- [         task-1] o.hibernate.annotations.common.Version   : HCANN000001: Hibernate Commons Annotations {5.1.0.Final}
2021-11-06 17:50:47.595  WARN 6296 --- [           main] JpaBaseConfiguration$JpaWebConfiguration : spring.jpa.open-in-view is enabled by default. Therefore, database queries may be performed during view rendering. Explicitly configure spring.jpa.open-in-view to disable this warning
2021-11-06 17:50:47.975  INFO 6296 --- [         task-1] com.zaxxer.hikari.HikariDataSource       : HikariPool-1 - Starting...
2021-11-06 17:50:50.031  INFO 6296 --- [         task-1] com.zaxxer.hikari.HikariDataSource       : HikariPool-1 - Start completed.
2021-11-06 17:50:50.096  INFO 6296 --- [         task-1] org.hibernate.dialect.Dialect            : HHH000400: Using dialect: org.hibernate.dialect.PostgreSQL10Dialect
2021-11-06 17:50:50.237  INFO 6296 --- [           main] DeferredRepositoryInitializationListener : Triggering deferred initialization of Spring Data repositories…
2021-11-06 17:50:54.232  INFO 6296 --- [         task-1] o.h.e.t.j.p.i.JtaPlatformInitiator       : HHH000490: Using JtaPlatform implementation: [org.hibernate.engine.transaction.jta.platform.internal.NoJtaPlatform]
2021-11-06 17:50:54.241  INFO 6296 --- [         task-1] j.LocalContainerEntityManagerFactoryBean : Initialized JPA EntityManagerFactory for persistence unit 'default'
2021-11-06 17:50:54.796  INFO 6296 --- [           main] DeferredRepositoryInitializationListener : Spring Data repositories initialized!
2021-11-06 17:50:54.805  INFO 6296 --- [           main] c.e.u.n.r.ReservaserviceApplicationTests : Started ReservaserviceApplicationTests in 11.168 seconds (JVM running for 12.516)
]]></system-out>
  </testcase>
</testsuite>